<?xml version="1.0" encoding="UTF-8"?>
<!-- Generated by org.testng.reporters.JUnitReportReporter -->
<testsuite hostname="LAPTOP-AA03MSR9" failures="0" tests="1" name="demosample.Demogit" time="7.729" errors="0" timestamp="2024-08-14T14:30:35 IST" skipped="0">
  <testcase classname="demosample.Demogit" name="Demo" time="7.729"/>
  <system-out/>
</testsuite> <!-- demosample.Demogit -->
